<?xml version="1.0" encoding="UTF-8"?>
<!-- Generated by org.testng.reporters.JUnitReportReporter -->
<testsuite hostname="Freelance" failures="0" tests="2" name="seleniumtraining.tests.SubmitOrderTest" time="37.815" errors="0" timestamp="2024-04-01T15:12:35 MESZ" skipped="0">
  <testcase classname="seleniumtraining.tests.SubmitOrderTest" name="submitOrder" time="19.100"/>
  <testcase classname="seleniumtraining.tests.SubmitOrderTest" name="submitOrder" time="18.715"/>
</testsuite> <!-- seleniumtraining.tests.SubmitOrderTest -->
