<?xml version="1.0" encoding="UTF-8"?>
<!-- Generated by org.testng.reporters.JUnitReportReporter -->
<testsuite hostname="Freelance" failures="0" tests="1" name="cucumber.TestNGTestRunner" time="19.494" errors="0" timestamp="2024-04-15T21:24:08 MESZ" skipped="0">
  <testcase classname="cucumber.TestNGTestRunner" name="runScenario" time="19.494"/>
  <system-out/>
</testsuite> <!-- cucumber.TestNGTestRunner -->
