<?xml version="1.0" encoding="UTF-8"?>
<!-- Generated by org.testng.reporters.JUnitReportReporter -->
<testsuite hostname="Freelance" failures="0" tests="2" name="seleniumtraining.tests.SubmitOrderTest" time="37.195" errors="0" timestamp="2024-04-15T21:06:26 MESZ" skipped="0">
  <testcase classname="seleniumtraining.tests.SubmitOrderTest" name="submitOrder" time="18.168"/>
  <system-out/>
  <testcase classname="seleniumtraining.tests.SubmitOrderTest" name="submitOrder" time="19.027"/>
  <system-out/>
</testsuite> <!-- seleniumtraining.tests.SubmitOrderTest -->
