<?xml version="1.0" encoding="UTF-8"?>
<!-- Generated by org.testng.reporters.JUnitReportReporter -->
<testsuite hostname="Freelance" failures="0" tests="1" name="Test.TestBasics" time="0.010" errors="0" timestamp="2024-02-04T16:04:37 MEZ" skipped="0">
  <testcase classname="Test.TestBasics" name="SecondDemo" time="0.010"/>
  <system-out/>
</testsuite> <!-- Test.TestBasics -->
